Nov-19 11:45:11.414 [main] DEBUG nextflow.cli.Launcher - $> nextflow run main.nf data/Iris.csv
Nov-19 11:45:11.642 [main] DEBUG nextflow.cli.CmdRun - N E X T F L O W  ~  version 24.10.0
Nov-19 11:45:11.672 [main] DEBUG nextflow.plugin.PluginsFacade - Setting up plugin manager > mode=prod; embedded=false; plugins-dir=/Users/dmunselt/.nextflow/plugins; core-plugins: nf-amazon@2.9.0,nf-azure@1.10.1,nf-cloudcache@0.4.2,nf-codecommit@0.2.2,nf-console@1.1.4,nf-google@1.15.2,nf-tower@1.9.3,nf-wave@1.7.2
Nov-19 11:45:11.710 [main] INFO  o.pf4j.DefaultPluginStatusProvider - Enabled plugins: []
Nov-19 11:45:11.711 [main] INFO  o.pf4j.DefaultPluginStatusProvider - Disabled plugins: []
Nov-19 11:45:11.715 [main] INFO  org.pf4j.DefaultPluginManager - PF4J version 3.12.0 in 'deployment' mode
Nov-19 11:45:11.729 [main] INFO  org.pf4j.AbstractPluginManager - No plugins
Nov-19 11:45:11.757 [main] DEBUG nextflow.config.ConfigBuilder - Found config local: /Users/dmunselt/Documents/AICodingAssess/iris_pipeline/nextflow.config
Nov-19 11:45:11.761 [main] DEBUG nextflow.config.ConfigBuilder - Parsing config file: /Users/dmunselt/Documents/AICodingAssess/iris_pipeline/nextflow.config
Nov-19 11:45:11.801 [main] DEBUG n.secret.LocalSecretsProvider - Secrets store: /Users/dmunselt/.nextflow/secrets/store.json
Nov-19 11:45:11.806 [main] DEBUG nextflow.secret.SecretsLoader - Discovered secrets providers: [nextflow.secret.LocalSecretsProvider@4463d9d3] - activable => nextflow.secret.LocalSecretsProvider@4463d9d3
Nov-19 11:45:11.814 [main] DEBUG nextflow.config.ConfigBuilder - Applying config profile: `standard`
Nov-19 11:45:12.375 [main] DEBUG nextflow.cli.CmdRun - Applied DSL=2 from script declaration
Nov-19 11:45:12.391 [main] DEBUG nextflow.cli.CmdRun - Launching `main.nf` [fervent_poitras] DSL2 - revision: 5c929f5803
Nov-19 11:45:12.393 [main] DEBUG nextflow.plugin.PluginsFacade - Plugins default=[]
Nov-19 11:45:12.393 [main] DEBUG nextflow.plugin.PluginsFacade - Plugins resolved requirement=[]
Nov-19 11:45:12.455 [main] DEBUG nextflow.Session - Session UUID: ae1357e0-3136-4c9f-9d58-114a1df30a68
Nov-19 11:45:12.456 [main] DEBUG nextflow.Session - Run name: fervent_poitras
Nov-19 11:45:12.456 [main] DEBUG nextflow.Session - Executor pool size: 8
Nov-19 11:45:12.466 [main] DEBUG nextflow.file.FilePorter - File porter settings maxRetries=3; maxTransfers=50; pollTimeout=null
Nov-19 11:45:12.473 [main] DEBUG nextflow.util.ThreadPoolBuilder - Creating thread pool 'FileTransfer' minSize=10; maxSize=24; workQueue=LinkedBlockingQueue[10000]; allowCoreThreadTimeout=false
Nov-19 11:45:12.516 [main] DEBUG nextflow.cli.CmdRun - 
  Version: 24.10.0 build 5928
  Created: 27-10-2024 18:36 UTC (14:36 EDT)
  System: Mac OS X 12.7.6
  Runtime: Groovy 4.0.23 on Java HotSpot(TM) 64-Bit Server VM 23.0.1+11-39
  Encoding: UTF-8 (UTF-8)
  Process: 86284@desirees-mbp.lan [192.168.86.28]
  CPUs: 8 - Mem: 16 GB (84.2 MB) - Swap: 4 GB (1.6 GB)
Nov-19 11:45:12.539 [main] DEBUG nextflow.Session - Work-dir: /Users/dmunselt/Documents/AICodingAssess/iris_pipeline/work [Mac OS X]
Nov-19 11:45:12.540 [main] DEBUG nextflow.Session - Script base path does not exist or is not a directory: /Users/dmunselt/Documents/AICodingAssess/iris_pipeline/bin
Nov-19 11:45:12.552 [main] DEBUG nextflow.executor.ExecutorFactory - Extension executors providers=[]
Nov-19 11:45:12.564 [main] DEBUG nextflow.Session - Observer factory: DefaultObserverFactory
Nov-19 11:45:12.598 [main] DEBUG nextflow.cache.CacheFactory - Using Nextflow cache factory: nextflow.cache.DefaultCacheFactory
Nov-19 11:45:12.609 [main] DEBUG nextflow.util.CustomThreadPool - Creating default thread pool > poolSize: 9; maxThreads: 1000
Nov-19 11:45:12.681 [main] DEBUG nextflow.Session - Session start
Nov-19 11:45:12.892 [main] DEBUG nextflow.script.ScriptRunner - > Launching execution
Nov-19 11:45:13.172 [main] DEBUG nextflow.executor.ExecutorFactory - << taskConfig executor: local
Nov-19 11:45:13.172 [main] DEBUG nextflow.executor.ExecutorFactory - >> processorType: 'local'
Nov-19 11:45:13.180 [main] DEBUG nextflow.executor.Executor - [warm up] executor > local
Nov-19 11:45:13.189 [main] DEBUG n.processor.LocalPollingMonitor - Creating local task monitor for executor 'local' > cpus=8; memory=16 GB; capacity=8; pollInterval=100ms; dumpInterval=5m
Nov-19 11:45:13.192 [main] DEBUG n.processor.TaskPollingMonitor - >>> barrier register (monitor: local)
Nov-19 11:45:13.315 [main] DEBUG nextflow.executor.ExecutorFactory - << taskConfig executor: local
Nov-19 11:45:13.315 [main] DEBUG nextflow.executor.ExecutorFactory - >> processorType: 'local'
Nov-19 11:45:13.332 [main] DEBUG nextflow.executor.ExecutorFactory - << taskConfig executor: local
Nov-19 11:45:13.332 [main] DEBUG nextflow.executor.ExecutorFactory - >> processorType: 'local'
Nov-19 11:45:13.336 [main] DEBUG nextflow.Session - Workflow process names [dsl2]: COMBINE_RESULTS, SLICE_DATA, FIT_MODEL
Nov-19 11:45:13.337 [main] DEBUG nextflow.Session - Igniting dataflow network (4)
Nov-19 11:45:13.345 [main] DEBUG nextflow.processor.TaskProcessor - Starting process > SLICE_DATA
Nov-19 11:45:13.346 [main] DEBUG nextflow.processor.TaskProcessor - Starting process > FIT_MODEL
Nov-19 11:45:13.346 [main] DEBUG nextflow.processor.TaskProcessor - Starting process > COMBINE_RESULTS
Nov-19 11:45:13.347 [main] DEBUG nextflow.script.ScriptRunner - Parsed script files:
  Script_8221e40dbff3b6b9: /Users/dmunselt/Documents/AICodingAssess/iris_pipeline/./modules/combine_results.nf
  Script_9c26f7b176fbd7e9: /Users/dmunselt/Documents/AICodingAssess/iris_pipeline/./modules/fit_model.nf
  Script_e15d1f2634408fbb: /Users/dmunselt/Documents/AICodingAssess/iris_pipeline/./modules/slice_data.nf
  Script_ef6f7f28efb54684: /Users/dmunselt/Documents/AICodingAssess/iris_pipeline/main.nf
Nov-19 11:45:13.347 [main] DEBUG nextflow.script.ScriptRunner - > Awaiting termination 
Nov-19 11:45:13.347 [main] DEBUG nextflow.Session - Session await
Nov-19 11:45:13.589 [Task submitter] DEBUG n.executor.local.LocalTaskHandler - Launch cmd line: /bin/bash -ue .command.run
Nov-19 11:45:13.591 [Task submitter] INFO  nextflow.Session - [51/96bba8] Submitted process > SLICE_DATA (1)
Nov-19 11:45:14.820 [Task monitor] DEBUG n.processor.TaskPollingMonitor - Task completed > TaskHandler[id: 1; name: SLICE_DATA (1); status: COMPLETED; exit: 0; error: -; workDir: /Users/dmunselt/Documents/AICodingAssess/iris_pipeline/work/51/96bba85b0c8a1e6a3a0df8d9018911]
Nov-19 11:45:14.821 [Task monitor] DEBUG nextflow.util.ThreadPoolBuilder - Creating thread pool 'TaskFinalizer' minSize=10; maxSize=24; workQueue=LinkedBlockingQueue[10000]; allowCoreThreadTimeout=false
Nov-19 11:45:14.917 [Task submitter] DEBUG n.executor.local.LocalTaskHandler - Launch cmd line: /bin/bash -ue .command.run
Nov-19 11:45:14.918 [Task submitter] INFO  nextflow.Session - [4e/d00fbb] Submitted process > FIT_MODEL (2)
Nov-19 11:45:14.929 [Task submitter] DEBUG n.executor.local.LocalTaskHandler - Launch cmd line: /bin/bash -ue .command.run
Nov-19 11:45:14.929 [Task submitter] INFO  nextflow.Session - [c8/0e1a16] Submitted process > FIT_MODEL (3)
Nov-19 11:45:14.940 [Task submitter] DEBUG n.executor.local.LocalTaskHandler - Launch cmd line: /bin/bash -ue .command.run
Nov-19 11:45:14.941 [Task submitter] INFO  nextflow.Session - [6e/1a451f] Submitted process > FIT_MODEL (1)
Nov-19 11:45:17.936 [Task monitor] DEBUG n.processor.TaskPollingMonitor - Task completed > TaskHandler[id: 3; name: FIT_MODEL (2); status: COMPLETED; exit: 0; error: -; workDir: /Users/dmunselt/Documents/AICodingAssess/iris_pipeline/work/4e/d00fbba567bdb427f6763fc2ca6cee]
Nov-19 11:45:18.077 [Task monitor] DEBUG n.processor.TaskPollingMonitor - Task completed > TaskHandler[id: 4; name: FIT_MODEL (3); status: COMPLETED; exit: 0; error: -; workDir: /Users/dmunselt/Documents/AICodingAssess/iris_pipeline/work/c8/0e1a16777fd24b0812f71ff1f5c8b9]
Nov-19 11:45:18.101 [Task monitor] DEBUG n.processor.TaskPollingMonitor - Task completed > TaskHandler[id: 2; name: FIT_MODEL (1); status: COMPLETED; exit: 0; error: -; workDir: /Users/dmunselt/Documents/AICodingAssess/iris_pipeline/work/6e/1a451f6cbc1631ac8001780d2c16b6]
Nov-19 11:45:18.125 [Task submitter] DEBUG n.executor.local.LocalTaskHandler - Launch cmd line: /bin/bash -ue .command.run
Nov-19 11:45:18.126 [Task submitter] INFO  nextflow.Session - [d8/4c7ed9] Submitted process > COMBINE_RESULTS
Nov-19 11:45:18.735 [Task monitor] DEBUG n.processor.TaskPollingMonitor - Task completed > TaskHandler[id: 5; name: COMBINE_RESULTS; status: COMPLETED; exit: 0; error: -; workDir: /Users/dmunselt/Documents/AICodingAssess/iris_pipeline/work/d8/4c7ed945bf8eca49b257472ef9f3fb]
Nov-19 11:45:18.744 [main] DEBUG nextflow.Session - Session await > all processes finished
Nov-19 11:45:18.840 [Task monitor] DEBUG n.processor.TaskPollingMonitor - <<< barrier arrives (monitor: local) - terminating tasks monitor poll loop
Nov-19 11:45:18.840 [main] DEBUG nextflow.Session - Session await > all barriers passed
Nov-19 11:45:18.843 [main] DEBUG nextflow.util.ThreadPoolManager - Thread pool 'TaskFinalizer' shutdown completed (hard=false)
Nov-19 11:45:18.858 [main] DEBUG n.trace.WorkflowStatsObserver - Workflow completed > WorkflowStats[succeededCount=5; failedCount=0; ignoredCount=0; cachedCount=0; pendingCount=0; submittedCount=0; runningCount=0; retriesCount=0; abortedCount=0; succeedDuration=10.8s; failedDuration=0ms; cachedDuration=0ms;loadCpus=0; loadMemory=0; peakRunning=3; peakCpus=3; peakMemory=3 GB; ]
Nov-19 11:45:19.052 [main] DEBUG nextflow.cache.CacheDB - Closing CacheDB done
Nov-19 11:45:19.102 [main] DEBUG nextflow.util.ThreadPoolManager - Thread pool 'FileTransfer' shutdown completed (hard=false)
Nov-19 11:45:19.103 [main] DEBUG nextflow.script.ScriptRunner - > Execution complete -- Goodbye
