Nov-18 15:49:17.812 [main] DEBUG nextflow.cli.Launcher - $> nextflow run main.nf
Nov-18 15:49:17.972 [main] DEBUG nextflow.cli.CmdRun - N E X T F L O W  ~  version 24.10.0
Nov-18 15:49:18.005 [main] DEBUG nextflow.plugin.PluginsFacade - Setting up plugin manager > mode=prod; embedded=false; plugins-dir=/Users/dmunselt/.nextflow/plugins; core-plugins: nf-amazon@2.9.0,nf-azure@1.10.1,nf-cloudcache@0.4.2,nf-codecommit@0.2.2,nf-console@1.1.4,nf-google@1.15.2,nf-tower@1.9.3,nf-wave@1.7.2
Nov-18 15:49:18.042 [main] INFO  o.pf4j.DefaultPluginStatusProvider - Enabled plugins: []
Nov-18 15:49:18.043 [main] INFO  o.pf4j.DefaultPluginStatusProvider - Disabled plugins: []
Nov-18 15:49:18.047 [main] INFO  org.pf4j.DefaultPluginManager - PF4J version 3.12.0 in 'deployment' mode
Nov-18 15:49:18.060 [main] INFO  org.pf4j.AbstractPluginManager - No plugins
Nov-18 15:49:18.086 [main] DEBUG nextflow.config.ConfigBuilder - Found config local: /Users/dmunselt/Documents/AICodingAssess/iris_pipeline/nextflow.config
Nov-18 15:49:18.090 [main] DEBUG nextflow.config.ConfigBuilder - Parsing config file: /Users/dmunselt/Documents/AICodingAssess/iris_pipeline/nextflow.config
Nov-18 15:49:18.130 [main] DEBUG n.secret.LocalSecretsProvider - Secrets store: /Users/dmunselt/.nextflow/secrets/store.json
Nov-18 15:49:18.134 [main] DEBUG nextflow.secret.SecretsLoader - Discovered secrets providers: [nextflow.secret.LocalSecretsProvider@6ad5923a] - activable => nextflow.secret.LocalSecretsProvider@6ad5923a
Nov-18 15:49:18.142 [main] DEBUG nextflow.config.ConfigBuilder - Applying config profile: `standard`
Nov-18 15:49:18.670 [main] DEBUG nextflow.cli.CmdRun - Applied DSL=2 from script declaration
Nov-18 15:49:18.688 [main] DEBUG nextflow.cli.CmdRun - Launching `main.nf` [stoic_meninsky] DSL2 - revision: e798c8133f
Nov-18 15:49:18.690 [main] DEBUG nextflow.plugin.PluginsFacade - Plugins default=[]
Nov-18 15:49:18.691 [main] DEBUG nextflow.plugin.PluginsFacade - Plugins resolved requirement=[]
Nov-18 15:49:18.758 [main] DEBUG nextflow.Session - Session UUID: 8160fc3b-d094-4a60-aa72-d282e2a46000
Nov-18 15:49:18.758 [main] DEBUG nextflow.Session - Run name: stoic_meninsky
Nov-18 15:49:18.759 [main] DEBUG nextflow.Session - Executor pool size: 8
Nov-18 15:49:18.769 [main] DEBUG nextflow.file.FilePorter - File porter settings maxRetries=3; maxTransfers=50; pollTimeout=null
Nov-18 15:49:18.776 [main] DEBUG nextflow.util.ThreadPoolBuilder - Creating thread pool 'FileTransfer' minSize=10; maxSize=24; workQueue=LinkedBlockingQueue[10000]; allowCoreThreadTimeout=false
Nov-18 15:49:18.818 [main] DEBUG nextflow.cli.CmdRun - 
  Version: 24.10.0 build 5928
  Created: 27-10-2024 18:36 UTC (14:36 EDT)
  System: Mac OS X 12.7.6
  Runtime: Groovy 4.0.23 on Java HotSpot(TM) 64-Bit Server VM 23.0.1+11-39
  Encoding: UTF-8 (UTF-8)
  Process: 30923@desirees-mbp.lan [192.168.86.28]
  CPUs: 8 - Mem: 16 GB (140 MB) - Swap: 2 GB (1.3 GB)
Nov-18 15:49:18.840 [main] DEBUG nextflow.Session - Work-dir: /Users/dmunselt/Documents/AICodingAssess/iris_pipeline/work [Mac OS X]
Nov-18 15:49:18.841 [main] DEBUG nextflow.Session - Script base path does not exist or is not a directory: /Users/dmunselt/Documents/AICodingAssess/iris_pipeline/bin
Nov-18 15:49:18.853 [main] DEBUG nextflow.executor.ExecutorFactory - Extension executors providers=[]
Nov-18 15:49:18.866 [main] DEBUG nextflow.Session - Observer factory: DefaultObserverFactory
Nov-18 15:49:18.899 [main] DEBUG nextflow.cache.CacheFactory - Using Nextflow cache factory: nextflow.cache.DefaultCacheFactory
Nov-18 15:49:18.911 [main] DEBUG nextflow.util.CustomThreadPool - Creating default thread pool > poolSize: 9; maxThreads: 1000
Nov-18 15:49:19.005 [main] DEBUG nextflow.Session - Session start
Nov-18 15:49:19.192 [main] DEBUG nextflow.script.ScriptRunner - > Launching execution
Nov-18 15:49:19.457 [main] DEBUG nextflow.executor.ExecutorFactory - << taskConfig executor: local
Nov-18 15:49:19.457 [main] DEBUG nextflow.executor.ExecutorFactory - >> processorType: 'local'
Nov-18 15:49:19.467 [main] DEBUG nextflow.executor.Executor - [warm up] executor > local
Nov-18 15:49:19.477 [main] DEBUG n.processor.LocalPollingMonitor - Creating local task monitor for executor 'local' > cpus=8; memory=16 GB; capacity=8; pollInterval=100ms; dumpInterval=5m
Nov-18 15:49:19.481 [main] DEBUG n.processor.TaskPollingMonitor - >>> barrier register (monitor: local)
Nov-18 15:49:19.600 [main] DEBUG nextflow.Session - Workflow process names [dsl2]: SLICE_DATA
Nov-18 15:49:19.601 [main] DEBUG nextflow.Session - Igniting dataflow network (3)
Nov-18 15:49:19.611 [main] DEBUG nextflow.processor.TaskProcessor - Starting process > SLICE_DATA
Nov-18 15:49:19.612 [main] DEBUG nextflow.script.ScriptRunner - Parsed script files:
  Script_5447501a33af4e6e: /Users/dmunselt/Documents/AICodingAssess/iris_pipeline/./modules/slice_data_final.nf
  Script_225db4195f959598: /Users/dmunselt/Documents/AICodingAssess/iris_pipeline/main.nf
Nov-18 15:49:19.612 [main] DEBUG nextflow.script.ScriptRunner - > Awaiting termination 
Nov-18 15:49:19.613 [main] DEBUG nextflow.Session - Session await
Nov-18 15:49:19.840 [Task submitter] DEBUG n.executor.local.LocalTaskHandler - Launch cmd line: /bin/bash -ue .command.run
Nov-18 15:49:19.844 [Task submitter] INFO  nextflow.Session - [96/918da7] Submitted process > SLICE_DATA (1)
Nov-18 15:49:21.124 [Task monitor] DEBUG n.processor.TaskPollingMonitor - Task completed > TaskHandler[id: 1; name: SLICE_DATA (1); status: COMPLETED; exit: 0; error: -; workDir: /Users/dmunselt/Documents/AICodingAssess/iris_pipeline/work/96/918da74489b3df705005d82443e55a]
Nov-18 15:49:21.125 [Task monitor] DEBUG nextflow.util.ThreadPoolBuilder - Creating thread pool 'TaskFinalizer' minSize=10; maxSize=24; workQueue=LinkedBlockingQueue[10000]; allowCoreThreadTimeout=false
Nov-18 15:49:21.178 [main] DEBUG nextflow.Session - Session await > all processes finished
Nov-18 15:49:21.222 [Task monitor] DEBUG n.processor.TaskPollingMonitor - <<< barrier arrives (monitor: local) - terminating tasks monitor poll loop
Nov-18 15:49:21.222 [main] DEBUG nextflow.Session - Session await > all barriers passed
Nov-18 15:49:21.225 [main] DEBUG nextflow.util.ThreadPoolManager - Thread pool 'TaskFinalizer' shutdown completed (hard=false)
Nov-18 15:49:21.234 [main] DEBUG n.trace.WorkflowStatsObserver - Workflow completed > WorkflowStats[succeededCount=1; failedCount=0; ignoredCount=0; cachedCount=0; pendingCount=0; submittedCount=0; runningCount=0; retriesCount=0; abortedCount=0; succeedDuration=1.2s; failedDuration=0ms; cachedDuration=0ms;loadCpus=0; loadMemory=0; peakRunning=1; peakCpus=1; peakMemory=1 GB; ]
Nov-18 15:49:21.295 [main] DEBUG nextflow.cache.CacheDB - Closing CacheDB done
Nov-18 15:49:21.324 [main] DEBUG nextflow.util.ThreadPoolManager - Thread pool 'FileTransfer' shutdown completed (hard=false)
Nov-18 15:49:21.325 [main] DEBUG nextflow.script.ScriptRunner - > Execution complete -- Goodbye
